2024-07-23T11:40:41.347Z info: Server is running on http://localhost:3000 
2024-07-23T11:40:46.889Z warn: No authorization header 
2024-07-23T11:40:51.386Z warn: No authorization header 
2024-07-23T11:44:09.499Z error: Error verifying token {
  "err": {
    "name": "JsonWebTokenError",
    "message": "jwt must be provided"
  }
}
2024-07-23T11:47:44.084Z warn: No authorization header 
2024-07-23T11:47:46.585Z warn: No authorization header 
2024-07-23T11:48:01.713Z warn: No authorization header 
2024-07-23T11:48:44.592Z error: Error verifying token {
  "err": {
    "name": "JsonWebTokenError",
    "message": "jwt must be provided"
  }
}
2024-07-23T11:48:49.769Z warn: No authorization header 
2024-07-23T11:52:07.813Z info: Server is running on http://localhost:3000 
2024-07-23T11:52:13.997Z info: Server is running on http://localhost:3000 
2024-07-23T11:52:40.137Z error: Error verifying token {
  "err": {
    "name": "JsonWebTokenError",
    "message": "jwt must be provided"
  }
}
2024-07-23T11:52:45.757Z error: Error verifying token {
  "err": {
    "name": "JsonWebTokenError",
    "message": "jwt must be provided"
  }
}
2024-07-23T11:53:27.316Z error: Error verifying token {
  "err": {
    "name": "JsonWebTokenError",
    "message": "jwt must be provided"
  }
}
2024-07-23T11:53:46.041Z info: Server is running on http://localhost:3000 
2024-07-23T12:11:46.434Z info: Server is running on http://localhost:3000 
2024-07-23T12:12:13.037Z info: Server is running on http://localhost:3000 
2024-07-23T12:13:57.285Z info: Server is running on http://localhost:3000 
2024-07-23T12:14:35.874Z info: Server is running on http://localhost:3000 
2024-07-23T12:15:07.433Z info: Server is running on http://localhost:3000 
2024-07-23T12:16:47.656Z info: Event created successfully {
  "event": {
    "id": 36,
    "event_name": "Opcode Technologies",
    "date": "2024-09-06T00:00:00.000Z",
    "description": "Developer",
    "updatedAt": "2024-07-23T12:16:47.612Z",
    "createdAt": "2024-07-23T12:16:47.612Z"
  }
}
2024-07-23T17:02:00.712Z info: Event created successfully {
  "event": {
    "id": 37,
    "event_name": "Opcode Technologies",
    "date": "2024-09-06T00:00:00.000Z",
    "description": "Developer",
    "updatedAt": "2024-07-23T17:02:00.560Z",
    "createdAt": "2024-07-23T17:02:00.560Z"
  }
}
2024-07-23T17:02:16.714Z info: Event deleted successfully {
  "id": "37"
}
